{"C:\\Users\\keega\\OneDrive\\Desktop\\Web Development\\React js\\YumBite Foods\\src\\components\\sum.js": {"path":"C:\\Users\\keega\\OneDrive\\Desktop\\Web Development\\React js\\YumBite Foods\\src\\components\\sum.js","statementMap":{"0":{"start":{"line":2,"column":0},"end":{"line":2,"column":13}}},"fnMap":{"0":{"name":"sum","decl":{"start":{"line":1,"column":9},"end":{"line":1,"column":12}},"loc":{"start":{"line":1,"column":19},"end":{"line":3,"column":1}},"line":1}},"branchMap":{},"s":{"0":1},"f":{"0":1},"b":{},"_coverageSchema":"1a1c01bbd47fc00a2c39e90264f33305004495a9","hash":"f311a1b97e1587b23ecfb6fbcc0ddea51c5f01c0"}
}
